<?xml version="1.0" encoding="UTF-8"?>
<beans xmlns="http://www.springframework.org/schema/beans"
       xmlns:xsi="http://www.w3.org/2001/XMLSchema-instance"
       xmlns:context="http://www.springframework.org/schema/context"
       xsi:schemaLocation="http://www.springframework.org/schema/beans http://www.springframework.org/schema/beans/spring-beans.xsd
       http://www.springframework.org/schema/context http://www.springframework.org/schema/context/spring-context.xsd">

    <context:annotation-config/>
    <context:property-placeholder/>

    <!-- Deployment Processors -->

    <!--
        All processors should be prototypes, so that several instances of them can be used. They will be instanced when the
        pipeline is created
    -->
    <bean id="deploymentProcessor" class="org.craftercms.deployer.impl.processors.AbstractDeploymentProcessor" abstract="true"
          scope="prototype">
        <property name="env" value="${target.env}"/>
        <property name="siteName" value="${target.siteName}"/>
        <property name="targetId" value="${target.id}"/>
    </bean>

    <bean id="testProcessor" class="org.craftercms.deployer.test.utils.TestDeploymentProcessor" parent="deploymentProcessor"/>

</beans>